<?xml version="1.0" encoding="UTF-8"?>
<testsuite name="Tests" tests="16" skipped="0" failures="0" errors="0" timestamp="2023-02-08T16:51:24" hostname="DESKTOP-N5F2GBG" time="78.413">
  <properties/>
  <testcase name="test2AddStream()" classname="Tests" time="4.14"/>
  <testcase name="test12RecommendStreamAudiobook()" classname="Tests" time="4.494"/>
  <testcase name="testTheTest()" classname="Tests" time="0.002"/>
  <testcase name="test3DeleteStream()" classname="Tests" time="3.474"/>
  <testcase name="test15MixedActions()" classname="Tests" time="8.362"/>
  <testcase name="test8ListAudiobooksByAuthor()" classname="Tests" time="4.314"/>
  <testcase name="test6SurpriseSongs()" classname="Tests" time="4.94"/>
  <testcase name="test11RecommendStreamPodcast()" classname="Tests" time="4.291"/>
  <testcase name="test1ListSongsFromArtists()" classname="Tests" time="3.214"/>
  <testcase name="test10AddMultipleStreams()" classname="Tests" time="4.504"/>
  <testcase name="test13MultipleSurpriseStreamRecommendation()" classname="Tests" time="11.405"/>
  <testcase name="test7ListPodcastsByPodcastAuthor()" classname="Tests" time="4.333"/>
  <testcase name="test4ListenToStream()" classname="Tests" time="3.533"/>
  <testcase name="test9ListUsersMultipleStreams()" classname="Tests" time="5.079"/>
  <testcase name="test14AddAndRecommendPodcasts()" classname="Tests" time="7.478"/>
  <testcase name="test5RecommendSongs()" classname="Tests" time="4.831"/>
  <system-out><![CDATA[]]></system-out>
  <system-err><![CDATA[]]></system-err>
</testsuite>
